<?xml version="1.0" encoding="UTF-8"?>
<!-- Generated by org.testng.reporters.JUnitReportReporter -->
<testsuite hostname="Adityas-MacBook-Pro.local" failures="0" tests="4" name="Pages.RunNow" time="14.028" errors="0" timestamp="2025-04-10T21:36:33 IST" skipped="0">
  <testcase classname="Pages.RunNow" name="LoginFirst" time="1.784"/>
  <testcase classname="Pages.RunNow" name="LoginFirst" time="9.171"/>
  <testcase classname="Pages.RunNow" name="LoginFirst" time="1.688"/>
  <testcase classname="Pages.RunNow" name="LoginFirst" time="1.385"/>
</testsuite> <!-- Pages.RunNow -->
