<?xml version="1.0" encoding="UTF-8"?>
<!-- Generated by org.testng.reporters.JUnitReportReporter -->
<testsuite hostname="Adityas-MacBook-Pro.local" failures="0" tests="2" name="Pages.RunNow" time="2.392" errors="0" timestamp="2025-04-19T11:14:11 IST" skipped="1">
  <testcase classname="Pages.RunNow" name="UserPageRun" time="2.392"/>
  <testcase classname="Pages.RunNow" name="RegisterPageRun">
    <skipped/>
  </testcase> <!-- RegisterPageRun -->
</testsuite> <!-- Pages.RunNow -->
